Flow report for oac2
Tue Jul 02 03:03:16 2019
Quartus Prime Version 16.1.2 Build 203 01/18/2017 SJ Lite Edition


---------------------
; Table of Contents ;
---------------------
  1. Legal Notice
  2. Flow Summary
  3. Flow Settings
  4. Flow Non-Default Global Settings
  5. Flow Elapsed Time
  6. Flow OS Summary
  7. Flow Log
  8. Flow Messages
  9. Flow Suppressed Messages



----------------
; Legal Notice ;
----------------
Copyright (C) 2017  Intel Corporation. All rights reserved.
Your use of Intel Corporation's design tools, logic functions 
and other software and tools, and its AMPP partner logic 
functions, and any output files from any of the foregoing 
(including device programming or simulation files), and any 
associated documentation or information are expressly subject 
to the terms and conditions of the Intel Program License 
Subscription Agreement, the Intel Quartus Prime License Agreement,
the Intel MegaCore Function License Agreement, or other 
applicable license agreement, including, without limitation, 
that your use is for the sole purpose of programming logic 
devices manufactured by Intel and sold by Intel or its 
authorized distributors.  Please refer to the applicable 
agreement for further details.



+----------------------------------------------------------------------------------+
; Flow Summary                                                                     ;
+------------------------------------+---------------------------------------------+
; Flow Status                        ; Successful - Tue Jul 02 03:03:16 2019       ;
; Quartus Prime Version              ; 16.1.2 Build 203 01/18/2017 SJ Lite Edition ;
; Revision Name                      ; oac2                                        ;
; Top-level Entity Name              ; oac2                                        ;
; Family                             ; Cyclone IV E                                ;
; Total logic elements               ; 4,406 / 114,480 ( 4 % )                     ;
;     Total combinational functions  ; 4,037 / 114,480 ( 4 % )                     ;
;     Dedicated logic registers      ; 1,535 / 114,480 ( 1 % )                     ;
; Total registers                    ; 1535                                        ;
; Total pins                         ; 500 / 529 ( 95 % )                          ;
; Total virtual pins                 ; 0                                           ;
; Total memory bits                  ; 655,360 / 3,981,312 ( 16 % )                ;
; Embedded Multiplier 9-bit elements ; 8 / 532 ( 2 % )                             ;
; Total PLLs                         ; 0 / 4 ( 0 % )                               ;
; Device                             ; EP4CE115F29C9L                              ;
; Timing Models                      ; Final                                       ;
+------------------------------------+---------------------------------------------+


+-----------------------------------------+
; Flow Settings                           ;
+-------------------+---------------------+
; Option            ; Setting             ;
+-------------------+---------------------+
; Start date & time ; 07/02/2019 02:53:59 ;
; Main task         ; Compilation         ;
; Revision Name     ; oac2                ;
+-------------------+---------------------+


+---------------------------------------------------------------------------------------------------------------------------------+
; Flow Non-Default Global Settings                                                                                                ;
+-------------------------------------+------------------------------------------------+---------------+-------------+------------+
; Assignment Name                     ; Value                                          ; Default Value ; Entity Name ; Section Id ;
+-------------------------------------+------------------------------------------------+---------------+-------------+------------+
; COMPILER_SIGNATURE_ID               ; 40637553945485.156204683815536                 ; --            ; --          ; --         ;
; MISC_FILE                           ; Mux41_lpm/mux41_lpm.bsf                        ; --            ; --          ; --         ;
; MISC_FILE                           ; Mux41_lpm/mux41_lpm.inc                        ; --            ; --          ; --         ;
; MISC_FILE                           ; Mux41_lpm/mux41_lpm.cmp                        ; --            ; --          ; --         ;
; MISC_FILE                           ; Mux21_1bit_lpm/mux21_1bit_lpm.bsf              ; --            ; --          ; --         ;
; MISC_FILE                           ; Mux21_1bit_lpm/mux21_1bit_lpm.inc              ; --            ; --          ; --         ;
; MISC_FILE                           ; Mux21_1bit_lpm/mux21_1bit_lpm.cmp              ; --            ; --          ; --         ;
; MISC_FILE                           ; campo_registradores/mux32x8.bsf                ; --            ; --          ; --         ;
; MISC_FILE                           ; campo_registradores/mux32x8_inst.vhd           ; --            ; --          ; --         ;
; MISC_FILE                           ; campo_registradores/mux32x8.cmp                ; --            ; --          ; --         ;
; MISC_FILE                           ; ram_InstructionMemory/inst_mem_ram.bsf         ; --            ; --          ; --         ;
; MISC_FILE                           ; ram_InstructionMemory/inst_mem_ram_inst.v      ; --            ; --          ; --         ;
; MISC_FILE                           ; ram_InstructionMemory/inst_mem_ram_bb.v        ; --            ; --          ; --         ;
; MISC_FILE                           ; ram_InstructionMemory/inst_mem_ram.inc         ; --            ; --          ; --         ;
; MISC_FILE                           ; ram_InstructionMemory/inst_mem_ram.cmp         ; --            ; --          ; --         ;
; MISC_FILE                           ; ram_DataMemory/data_mem_ram.bsf                ; --            ; --          ; --         ;
; MISC_FILE                           ; ram_DataMemory/data_mem_ram_inst.vhd           ; --            ; --          ; --         ;
; MISC_FILE                           ; ram_DataMemory/data_mem_ram.inc                ; --            ; --          ; --         ;
; MISC_FILE                           ; ram_DataMemory/data_mem_ram.cmp                ; --            ; --          ; --         ;
; MISC_FILE                           ; shift2_left/lpm_clshift_2_left.bsf             ; --            ; --          ; --         ;
; MISC_FILE                           ; shift2_left/lpm_clshift_2_left.cmp             ; --            ; --          ; --         ;
; MISC_FILE                           ; lpm_mux/lpm_mux_alu.bsf                        ; --            ; --          ; --         ;
; MISC_FILE                           ; lpm_mux/lpm_mux_alu_inst.vhd                   ; --            ; --          ; --         ;
; MISC_FILE                           ; lpm_mux/lpm_mux_alu.cmp                        ; --            ; --          ; --         ;
; MISC_FILE                           ; lpm_mult/lpm_mult_alu.bsf                      ; --            ; --          ; --         ;
; MISC_FILE                           ; lpm_mult/lpm_mult_alu_inst.vhd                 ; --            ; --          ; --         ;
; MISC_FILE                           ; lpm_mult/lpm_mult_alu.cmp                      ; --            ; --          ; --         ;
; MISC_FILE                           ; lmp_div/lpm_div_alu.bsf                        ; --            ; --          ; --         ;
; MISC_FILE                           ; lmp_div/lpm_div_alu_inst.vhd                   ; --            ; --          ; --         ;
; MISC_FILE                           ; lmp_div/lpm_div_alu.cmp                        ; --            ; --          ; --         ;
; MISC_FILE                           ; lmp_clshift_arith/lpm_clshift_arith.bsf        ; --            ; --          ; --         ;
; MISC_FILE                           ; lmp_clshift_arith/lpm_clshift_arith_inst.vhd   ; --            ; --          ; --         ;
; MISC_FILE                           ; lmp_clshift_arith/lpm_clshift_arith.cmp        ; --            ; --          ; --         ;
; MISC_FILE                           ; lmp_clshift/lmp_clshift_ula.bsf                ; --            ; --          ; --         ;
; MISC_FILE                           ; lmp_clshift/lmp_clshift_ula_inst.v             ; --            ; --          ; --         ;
; MISC_FILE                           ; lmp_clshift/lmp_clshift_ula_bb.v               ; --            ; --          ; --         ;
; MISC_FILE                           ; lmp_clshift/lmp_clshift_ula.inc                ; --            ; --          ; --         ;
; MISC_FILE                           ; lmp_clshift/lmp_clshift_ula.cmp                ; --            ; --          ; --         ;
; MISC_FILE                           ; Mux21_3bits/mux21_3bits.bsf                    ; --            ; --          ; --         ;
; MISC_FILE                           ; Mux21_3bits/mux21_3bits_bb.v                   ; --            ; --          ; --         ;
; MISC_FILE                           ; Mux21_2bits/mux21_2bits.bsf                    ; --            ; --          ; --         ;
; MISC_FILE                           ; Mux21_2bits/mux21_2bits_bb.v                   ; --            ; --          ; --         ;
; MISC_FILE                           ; mux21_1bit/mux21_1bit.bsf                      ; --            ; --          ; --         ;
; MISC_FILE                           ; mux21_1bit/mux21_1bit_inst.v                   ; --            ; --          ; --         ;
; MISC_FILE                           ; mux21_1bit/mux21_1bit_bb.v                     ; --            ; --          ; --         ;
; MISC_FILE                           ; mux21_1bit/mux21_1bit.inc                      ; --            ; --          ; --         ;
; MISC_FILE                           ; mux21_1bit/mux21_1bit.cmp                      ; --            ; --          ; --         ;
; MISC_FILE                           ; compare_a_equals_b.bsf                         ; --            ; --          ; --         ;
; MISC_FILE                           ; compare_a_equals_b.cmp                         ; --            ; --          ; --         ;
; MISC_FILE                           ; Mux41_31bits/mux41_31bits.bsf                  ; --            ; --          ; --         ;
; MISC_FILE                           ; Mux41_31bits/mux41_31bits.inc                  ; --            ; --          ; --         ;
; MISC_FILE                           ; Mux21_31bits/mux21_31bits.bsf                  ; --            ; --          ; --         ;
; MISC_FILE                           ; Mux21_31bits/mux21_31bits.inc                  ; --            ; --          ; --         ;
; MISC_FILE                           ; Mux21_31bits/mux21_31bits.cmp                  ; --            ; --          ; --         ;
; MISC_FILE                           ; Mux21_5bits/mux21_5bits.bsf                    ; --            ; --          ; --         ;
; MISC_FILE                           ; Mux21_5bits/mux21_5bits.inc                    ; --            ; --          ; --         ;
; MISC_FILE                           ; Mux21_5bits/mux21_5bits.cmp                    ; --            ; --          ; --         ;
; MISC_FILE                           ; shamtzero/shamtzero.bsf                        ; --            ; --          ; --         ;
; MISC_FILE                           ; shamtzero/shamtzero_inst.v                     ; --            ; --          ; --         ;
; MISC_FILE                           ; shamtzero/shamtzero_bb.v                       ; --            ; --          ; --         ;
; MISC_FILE                           ; shamtzero/shamtzero.inc                        ; --            ; --          ; --         ;
; MISC_FILE                           ; shamtzero/shamtzero.cmp                        ; --            ; --          ; --         ;
; MISC_FILE                           ; Shift_lui/shift_lui.bsf                        ; --            ; --          ; --         ;
; MISC_FILE                           ; Shift_lui/shift_lui.inc                        ; --            ; --          ; --         ;
; MISC_FILE                           ; Shift_lui/shift_lui.cmp                        ; --            ; --          ; --         ;
; MISC_FILE                           ; Ra_reg_31/Ra_reg_31.bsf                        ; --            ; --          ; --         ;
; MISC_FILE                           ; Ra_reg_31/Ra_reg_31.cmp                        ; --            ; --          ; --         ;
; MISC_FILE                           ; ConstantControl/constcontrol.bsf               ; --            ; --          ; --         ;
; MISC_FILE                           ; ConstantControl/constcontrol_bb.v              ; --            ; --          ; --         ;
; MISC_FILE                           ; Mux21_17bits-Control/mux21_17bits_control.bsf  ; --            ; --          ; --         ;
; MISC_FILE                           ; Mux21_17bits-Control/mux21_17bits_control_bb.v ; --            ; --          ; --         ;
; MISC_FILE                           ; mux41_foward.bsf                               ; --            ; --          ; --         ;
; MISC_FILE                           ; mux41_foward.cmp                               ; --            ; --          ; --         ;
; MISC_FILE                           ; Comparador/comparador.bsf                      ; --            ; --          ; --         ;
; MISC_FILE                           ; Comparador/comparador_inst.vhd                 ; --            ; --          ; --         ;
; MISC_FILE                           ; Comparador/comparador.cmp                      ; --            ; --          ; --         ;
; MISC_FILE                           ; DecoderIP/DecoderIP.bsf                        ; --            ; --          ; --         ;
; MISC_FILE                           ; DecoderIP/DecoderIP_inst.vhd                   ; --            ; --          ; --         ;
; MISC_FILE                           ; DecoderIP/DecoderIP.cmp                        ; --            ; --          ; --         ;
; MISC_FILE                           ; DecoderIP/DecoderIP2.bsf                       ; --            ; --          ; --         ;
; MISC_FILE                           ; DecoderIP/DecoderIP2_inst.vhd                  ; --            ; --          ; --         ;
; MISC_FILE                           ; DecoderIP/DecoderIP2.cmp                       ; --            ; --          ; --         ;
; PARTITION_COLOR                     ; -- (Not supported for targeted family)         ; --            ; --          ; Top        ;
; PARTITION_FITTER_PRESERVATION_LEVEL ; -- (Not supported for targeted family)         ; --            ; --          ; Top        ;
; PARTITION_NETLIST_TYPE              ; -- (Not supported for targeted family)         ; --            ; --          ; Top        ;
; POWER_BOARD_THERMAL_MODEL           ; None (CONSERVATIVE)                            ; --            ; --          ; --         ;
; POWER_PRESET_COOLING_SOLUTION       ; 23 MM HEAT SINK WITH 200 LFPM AIRFLOW          ; --            ; --          ; --         ;
; PROJECT_OUTPUT_DIRECTORY            ; output_files                                   ; --            ; --          ; --         ;
+-------------------------------------+------------------------------------------------+---------------+-------------+------------+


+-------------------------------------------------------------------------------------------------------------------------------+
; Flow Elapsed Time                                                                                                             ;
+---------------------------+--------------+-------------------------+---------------------+------------------------------------+
; Module Name               ; Elapsed Time ; Average Processors Used ; Peak Virtual Memory ; Total CPU Time (on all processors) ;
+---------------------------+--------------+-------------------------+---------------------+------------------------------------+
; Analysis & Synthesis      ; 00:01:27     ; 1.0                     ; 4976 MB             ; 00:01:49                           ;
; Fitter                    ; 00:06:01     ; 1.1                     ; 5571 MB             ; 00:07:10                           ;
; Assembler                 ; 00:00:08     ; 1.0                     ; 4732 MB             ; 00:00:07                           ;
; TimeQuest Timing Analyzer ; 00:00:26     ; 1.6                     ; 4981 MB             ; 00:00:35                           ;
; EDA Netlist Writer        ; 00:00:04     ; 1.0                     ; 4683 MB             ; 00:00:04                           ;
; EDA Netlist Writer        ; 00:00:18     ; 1.0                     ; 4742 MB             ; 00:00:12                           ;
; Total                     ; 00:08:24     ; --                      ; --                  ; 00:09:57                           ;
+---------------------------+--------------+-------------------------+---------------------+------------------------------------+


+-----------------------------------------------------------------------------------------+
; Flow OS Summary                                                                         ;
+---------------------------+------------------+------------+------------+----------------+
; Module Name               ; Machine Hostname ; OS Name    ; OS Version ; Processor type ;
+---------------------------+------------------+------------+------------+----------------+
; Analysis & Synthesis      ; DESKTOP-H58O75B  ; Windows 10 ; 10.0       ; x86_64         ;
; Fitter                    ; DESKTOP-H58O75B  ; Windows 10 ; 10.0       ; x86_64         ;
; Assembler                 ; DESKTOP-H58O75B  ; Windows 10 ; 10.0       ; x86_64         ;
; TimeQuest Timing Analyzer ; DESKTOP-H58O75B  ; Windows 10 ; 10.0       ; x86_64         ;
; EDA Netlist Writer        ; DESKTOP-H58O75B  ; Windows 10 ; 10.0       ; x86_64         ;
; EDA Netlist Writer        ; DESKTOP-H58O75B  ; Windows 10 ; 10.0       ; x86_64         ;
+---------------------------+------------------+------------+------------+----------------+


------------
; Flow Log ;
------------
quartus_map --read_settings_files=on --write_settings_files=off oac2 -c oac2
quartus_fit --read_settings_files=off --write_settings_files=off oac2 -c oac2
quartus_asm --read_settings_files=off --write_settings_files=off oac2 -c oac2
quartus_sta oac2 -c oac2
quartus_eda --gen_testbench --tool=modelsim_oem --format=vhdl --write_settings_files=off oac2 -c oac2 --vector_source="C:/Users/guibe/Downloads/oac20191unb2-master (1)/hazardtipo3/oac20191unb2-master/oac20191unb2-master/oac2.vwf" --testbench_file="C:/Users/guibe/Downloads/oac20191unb2-master (1)/hazardtipo3/oac20191unb2-master/oac20191unb2-master/simulation/qsim/oac2.vwf.vht"
quartus_eda --write_settings_files=off --simulation=on --functional=off --flatten_buses=off --timescale=1ps --tool=modelsim_oem --format=vhdl --output_directory="C:/Users/guibe/Downloads/oac20191unb2-master (1)/hazardtipo3/oac20191unb2-master/oac20191unb2-master/simulation/qsim/" oac2 -c oac2



